
-----Ran 19-fold cross-validation-----
Overall Accuracy:  1.0
Average Accuracy:  1.0526315789473684
Confusion Matrix:
      T     F
T  8.0   0.0
F  0.0  12.0
      prediction actual
index                  
2              T      T
3              T      T
4              T      T
5              T      T
6              T      T
7              T      T
8              T      T
9              T      T
10             F      F
11             F      F
12             F      F
13             F      F
14             F      F
15             F      F
16             F      F
17             F      F
18             F      F
19             F      F
20             F      F
21             F      F
