
-----Ran 19-fold cross-validation-----
Overall Accuracy:  1.0
Average Accuracy:  1.0526315789473684
Confusion Matrix:
       T    F
T  12.0  0.0
F   0.0  8.0
      prediction actual
index                  
2              T      T
3              T      T
4              T      T
5              F      F
6              F      F
7              T      T
8              T      T
9              T      T
10             F      F
11             F      F
12             T      T
13             T      T
14             T      T
15             F      F
16             F      F
17             T      T
18             T      T
19             T      T
20             F      F
21             F      F
